<?xml version="1.0" encoding="UTF-8"?>
<!-- Generated by org.testng.reporters.JUnitReportReporter -->
<testsuite hostname="DESKTOP-AMHL2JV" failures="0" tests="1" name="opscruise.NodeMap.TestNodeMapScreen" time="44.572" errors="0" timestamp="2022-06-22T06:29:04 IST" skipped="0">
  <testcase classname="opscruise.NodeMap.TestNodeMapScreen" name="testNodesCount" time="44.572"/>
  <system-out/>
</testsuite> <!-- opscruise.NodeMap.TestNodeMapScreen -->
