<?xml version="1.0" encoding="UTF-8"?>
<!-- Generated by org.testng.reporters.JUnitReportReporter -->
<testsuite hostname="DESKTOP-AMHL2JV" failures="0" tests="1" name="opscruise.invalid" time="27.641" errors="0" timestamp="2022-06-22T10:27:35 IST" skipped="0">
  <testcase classname="opscruise.invalid" name="test_invalidLogin" time="27.641"/>
  <system-out/>
</testsuite> <!-- opscruise.invalid -->
