<?xml version="1.0" encoding="UTF-8"?>
<!-- Generated by org.testng.reporters.JUnitReportReporter -->
<testsuite hostname="DESKTOP-AMHL2JV" failures="0" tests="1" name="AppsMap.invalid" time="9.899" errors="0" timestamp="2022-06-21T18:13:54 IST" skipped="0">
  <testcase classname="AppsMap.invalid" name="test_invalidLogin" time="9.899"/>
  <system-out/>
</testsuite> <!-- AppsMap.invalid -->
