<?xml version="1.0" encoding="UTF-8"?>
<!-- Generated by org.testng.reporters.JUnitReportReporter -->
<testsuite hostname="DESKTOP-AMHL2JV" failures="0" tests="1" name="opscruise.AppsMap.invalid" time="14.255" errors="0" timestamp="2022-06-22T06:29:04 IST" skipped="0">
  <testcase classname="opscruise.AppsMap.invalid" name="test_invalidLogin" time="14.255"/>
  <system-out/>
</testsuite> <!-- opscruise.AppsMap.invalid -->
